<?xml version="1.0" encoding="UTF-8"?>
<testsuite name="HelloWorldTest" tests="1" skipped="0" failures="0" errors="0" timestamp="2018-12-11T15:25:55" hostname="ghibulo-ThinkPad-T430" time="0.018">
  <properties/>
  <testcase name="helloWorldTest" classname="HelloWorldTest" time="0.018"/>
  <system-out><![CDATA[]]></system-out>
  <system-err><![CDATA[]]></system-err>
</testsuite>
