<?xml version="1.0" encoding="UTF-8"?>
<testsuite name="TwoferTest" tests="4" skipped="3" failures="0" errors="0" timestamp="2018-12-11T16:14:41" hostname="ghibulo-ThinkPad-T430" time="0.017">
  <properties/>
  <testcase name="noNameGiven" classname="TwoferTest" time="0.013"/>
  <testcase name="emptyStringGiven" classname="TwoferTest" time="0.0">
    <skipped/>
  </testcase>
  <testcase name="aNameGiven" classname="TwoferTest" time="0.0">
    <skipped/>
  </testcase>
  <testcase name="anotherNameGiven" classname="TwoferTest" time="0.001">
    <skipped/>
  </testcase>
  <system-out><![CDATA[]]></system-out>
  <system-err><![CDATA[]]></system-err>
</testsuite>
