<?xml version="1.0" encoding="UTF-8"?>
<testsuite name="RnaTranscriptionTest" tests="5" skipped="0" failures="0" errors="0" timestamp="2018-12-15T10:42:07" hostname="ghibulo-ThinkPad-T430" time="0.033">
  <properties/>
  <testcase name="thymineComplementIsAdenine" classname="RnaTranscriptionTest" time="0.031"/>
  <testcase name="adenineComplementIsUracil" classname="RnaTranscriptionTest" time="0.0"/>
  <testcase name="rnaTranscription" classname="RnaTranscriptionTest" time="0.0"/>
  <testcase name="guanineComplementIsCytosine" classname="RnaTranscriptionTest" time="0.001"/>
  <testcase name="cytosineComplementIsGuanine" classname="RnaTranscriptionTest" time="0.0"/>
  <system-out><![CDATA[]]></system-out>
  <system-err><![CDATA[]]></system-err>
</testsuite>
