<?xml version="1.0" encoding="UTF-8"?>
<testsuite name="PhoneNumberTest" tests="14" skipped="0" failures="0" errors="0" timestamp="2018-12-22T07:43:49" hostname="ghibulo-ThinkPad-T430" time="0.067">
  <properties/>
  <testcase name="invalidWhen9Digits" classname="PhoneNumberTest" time="0.031"/>
  <testcase name="invalidWithInvalidPunctuation" classname="PhoneNumberTest" time="0.0"/>
  <testcase name="invalidWhenMoreThan11Digits" classname="PhoneNumberTest" time="0.0"/>
  <testcase name="cleansNumberWithMultipleSpaces" classname="PhoneNumberTest" time="0.027"/>
  <testcase name="invalidWhen11DigitsAndFirstIsNot1" classname="PhoneNumberTest" time="0.0"/>
  <testcase name="invalidWithLetters" classname="PhoneNumberTest" time="0.001"/>
  <testcase name="cleansNumberWithDots" classname="PhoneNumberTest" time="0.0"/>
  <testcase name="cleansNumber" classname="PhoneNumberTest" time="0.0"/>
  <testcase name="validWhen11DigitsAndFirstIs1" classname="PhoneNumberTest" time="0.0"/>
  <testcase name="invalidWhenAreaCodeStartsWith0" classname="PhoneNumberTest" time="0.0"/>
  <testcase name="invalidWhenAreaCodeStartsWith1" classname="PhoneNumberTest" time="0.0"/>
  <testcase name="validWhen11DigitsAndFirstIs1WithPunctuation" classname="PhoneNumberTest" time="0.002"/>
  <testcase name="invalidWhenExchangeCodeStartsWith0" classname="PhoneNumberTest" time="0.001"/>
  <testcase name="invalidWhenExchangeCodeStartsWith1" classname="PhoneNumberTest" time="0.0"/>
  <system-out><![CDATA[]]></system-out>
  <system-err><![CDATA[]]></system-err>
</testsuite>
